"Severity","ThreadID","Date","Time","Application","Message"
"INFO","http-nio-8888-exec-1","02/03/2025","16:28:57","lucee.runtime.CFMLFactoryImpl","Reset 0 Unused PageContexts"
"INFO","Thread-350","02/03/2025","16:47:59","lucee.runtime.CFMLFactoryImpl","Reset 1 Unused PageContexts"
"INFO","Thread-341","02/03/2025","17:16:31","lucee.runtime.CFMLFactoryImpl","Reset 1 Unused PageContexts"
"ERROR","http-nio-8888-exec-1","02/03/2025","17:18:36","OSGi","lucee.runtime.osgi.StartFailedException;lucee.runtime.osgi.StartFailedException
	at lucee.runtime.osgi.OSGiUtil._loadBundle(OSGiUtil.java:659)
	at lucee.runtime.osgi.OSGiUtil.loadBundles(OSGiUtil.java:1393)
	at lucee.runtime.osgi.OSGiUtil._start(OSGiUtil.java:1312)
	at lucee.runtime.osgi.OSGiUtil._loadBundle(OSGiUtil.java:656)
	at lucee.runtime.osgi.OSGiUtil.loadBundles(OSGiUtil.java:1393)
	at lucee.runtime.osgi.OSGiUtil._start(OSGiUtil.java:1312)
	at lucee.runtime.osgi.OSGiUtil._loadBundle(OSGiUtil.java:656)
	at lucee.runtime.osgi.OSGiUtil._loadBundle(OSGiUtil.java:567)
	at lucee.runtime.osgi.OSGiUtil.loadBundle(OSGiUtil.java:548)
	at lucee.commons.lang.ClassUtil.loadClassByBundle(ClassUtil.java:163)
	at lucee.transformer.library.ClassDefinitionImpl.getClazz(ClassDefinitionImpl.java:117)
	at lucee.runtime.config.ConfigWebImpl.getWSHandler(ConfigWebImpl.java:654)
	at lucee.runtime.functions.system.GetApplicationSettings.call(GetApplicationSettings.java:180)
	at lucee.runtime.functions.system.GetApplicationSettings.call(GetApplicationSettings.java:77)
	at web_cfm$cf.call(/admin/web.cfm:21)
	at lucee.runtime.PageContextImpl._doInclude(PageContextImpl.java:1057)
	at lucee.runtime.PageContextImpl._doInclude(PageContextImpl.java:949)
	at lucee.runtime.PageContextImpl.doInclude(PageContextImpl.java:930)
	at server_cfm$cf.call(/admin/server.cfm:2)
	at lucee.runtime.PageContextImpl._doInclude(PageContextImpl.java:1057)
	at lucee.runtime.PageContextImpl._doInclude(PageContextImpl.java:949)
	at lucee.runtime.listener.ModernAppListener._onRequest(ModernAppListener.java:219)
	at lucee.runtime.listener.ModernAppListener.onRequest(ModernAppListener.java:107)
	at lucee.runtime.PageContextImpl.execute(PageContextImpl.java:2494)
	at lucee.runtime.PageContextImpl._execute(PageContextImpl.java:2479)
	at lucee.runtime.PageContextImpl.executeCFML(PageContextImpl.java:2450)
	at lucee.runtime.engine.Request.exe(Request.java:45)
	at lucee.runtime.engine.CFMLEngineImpl._service(CFMLEngineImpl.java:1215)
	at lucee.runtime.engine.CFMLEngineImpl.serviceCFML(CFMLEngineImpl.java:1161)
	at lucee.loader.engine.CFMLEngineWrapper.serviceCFML(CFMLEngineWrapper.java:97)
	at lucee.loader.servlet.CFMLServlet.service(CFMLServlet.java:51)
..."
"ERROR","http-nio-8888-exec-1","02/03/2025","17:18:36","OSGi","The OSGi Bundle with name [org.lucee.jaxrpc] in version [[1.4.0,]] for [org.lucee.jaxrpc:1.4.0,org.lucee.axis.extension:1.4.0.27,org.lucee.axis:1.4.0.L0002] is not available locally [ (C:\lucee\tomcat\lucee-server\bundles)] or from the update provider (https://update.lucee.org).;org.osgi.framework.BundleException: The OSGi Bundle with name [org.lucee.jaxrpc] in version [[1.4.0,]] for [org.lucee.jaxrpc:1.4.0,org.lucee.axis.extension:1.4.0.27,org.lucee.axis:1.4.0.L0002] is not available locally [ (C:\lucee\tomcat\lucee-server\bundles)] or from the update provider (https://update.lucee.org).
	at lucee.runtime.osgi.OSGiUtil._loadBundle(OSGiUtil.java:701)
	at lucee.runtime.osgi.OSGiUtil.loadBundles(OSGiUtil.java:1393)
	at lucee.runtime.osgi.OSGiUtil._start(OSGiUtil.java:1312)
	at lucee.runtime.osgi.OSGiUtil._loadBundle(OSGiUtil.java:656)
	at lucee.runtime.osgi.OSGiUtil.loadBundles(OSGiUtil.java:1393)
	at lucee.runtime.osgi.OSGiUtil._start(OSGiUtil.java:1312)
	at lucee.runtime.osgi.OSGiUtil._loadBundle(OSGiUtil.java:656)
	at lucee.runtime.osgi.OSGiUtil._loadBundle(OSGiUtil.java:567)
	at lucee.runtime.osgi.OSGiUtil.loadBundle(OSGiUtil.java:548)
	at lucee.commons.lang.ClassUtil.loadClassByBundle(ClassUtil.java:163)
	at lucee.transformer.library.ClassDefinitionImpl.getClazz(ClassDefinitionImpl.java:117)
	at lucee.runtime.config.ConfigWebImpl.getWSHandler(ConfigWebImpl.java:654)
	at lucee.runtime.functions.system.GetApplicationSettings.call(GetApplicationSettings.java:180)
	at lucee.runtime.functions.system.GetApplicationSettings.call(GetApplicationSettings.java:77)
	at web_cfm$cf.call(/admin/web.cfm:21)
	at lucee.runtime.PageContextImpl._doInclude(PageContextImpl.java:1057)
	at lucee.runtime.PageContextImpl._doInclude(PageContextImpl.java:949)
	at lucee.runtime.PageContextImpl.doInclude(PageContextImpl.java:930)
	at server_cfm$cf.call(/admin/server.cfm:2)
	at lucee.runtime.PageContextImpl._doInclude(PageContextImpl.java:1057)
	at lucee.runtime.PageContextImpl._doInclude(PageContextImpl.java:949)
	at lucee.runtime.listener.ModernAppListener._onRequest(ModernAppListener.java:219)
	at lucee.runtime.listener.ModernAppListener.onRequest(ModernAppListener.java:107)
	at lucee.runtime.PageContextImpl.execute(PageContextImpl.java:2494)
	at lucee.runtime.PageContextImpl._execute(PageContextImpl.java:2479)
	at lucee.runtime.PageContextImpl.executeCFML(PageContextImpl.java:2450)
	at lucee.runtime.engine.Request.exe(Request.java:45)
	at lucee.runtime.engine.CFMLEngineImpl._service(CFMLEngineImpl.java:1215)
	at lucee.runtime.engine.CFMLEngineImpl.serviceCFML(CFMLEngineImpl.java:1161)
	at lucee.loader.engine.CFMLEngineWrapper.serviceCFML(CFMLEngineWrapper.java:97)
	at lucee.loader.servlet.CFMLServlet.service(CFMLServlet.java:51)
..."
"ERROR","http-nio-8888-exec-1","02/03/2025","17:21:51","webadmin5.4.6.9","write access is protected;write access is protected
to access the configuration without a password, you need to change the write access to [open] in the Server Administrator;lucee.runtime.exp.SecurityException: write access is protected
	at lucee.runtime.config.ConfigWebUtil.checkPassword(ConfigWebUtil.java:546)
	at lucee.runtime.config.ConfigWebUtil.checkGeneralWriteAccess(ConfigWebUtil.java:531)
	at lucee.runtime.config.XMLConfigAdmin.checkWriteAccess(XMLConfigAdmin.java:187)
	at lucee.runtime.config.XMLConfigAdmin.removeComponentMapping(XMLConfigAdmin.java:900)
	at lucee.runtime.config.XMLConfigAdmin.removeArchive(XMLConfigAdmin.java:5811)
	at lucee.runtime.config.XMLConfigAdmin.removeRHExtension(XMLConfigAdmin.java:5577)
	at lucee.runtime.config.XMLConfigAdmin.updateRHExtension(XMLConfigAdmin.java:4866)
	at lucee.runtime.config.XMLConfigAdmin.updateRHExtension(XMLConfigAdmin.java:4843)
	at lucee.runtime.config.XMLConfigAdmin._updateRHExtension(XMLConfigAdmin.java:4825)
	at lucee.runtime.tag.Admin.doUpdateRHExtension(Admin.java:4333)
	at lucee.runtime.tag.Admin._doStartTag(Admin.java:780)
	at lucee.runtime.tag.Admin.doStartTag(Admin.java:364)
	at ext_applications_cfm184$cf.call(/admin/ext.applications.cfm:81)
	at lucee.runtime.PageContextImpl._doInclude(PageContextImpl.java:1057)
	at lucee.runtime.PageContextImpl._doInclude(PageContextImpl.java:949)
	at lucee.runtime.PageContextImpl.doInclude(PageContextImpl.java:930)
	at web_cfm$cf.call(/admin/web.cfm:570)
	at lucee.runtime.PageContextImpl._doInclude(PageContextImpl.java:1057)
	at lucee.runtime.PageContextImpl._doInclude(PageContextImpl.java:949)
	at lucee.runtime.PageContextImpl.doInclude(PageContextImpl.java:930)
	at server_cfm$cf.call(/admin/server.cfm:2)
	at lucee.runtime.PageContextImpl._doInclude(PageContextImpl.java:1057)
	at lucee.runtime.PageContextImpl._doInclude(PageContextImpl.java:949)
	at lucee.runtime.listener.ModernAppListener._onRequest(ModernAppListener.java:219)
	at lucee.runtime.listener.ModernAppListener.onRequest(ModernAppListener.java:107)
	at lucee.runtime.PageContextImpl.execute(PageContextImpl.java:2494)
	at lucee.runtime.PageContextImpl._execute(PageContextImpl.java:2479)
	at lucee.runtime.PageContextImpl.executeCFML(PageContextImpl.java:2450)
	at lucee.runtime.engine.Request.exe(Request.java:45)
	at lucee.runtime.engine.CFMLEngineImpl._service(CFMLEngineImpl.java:1215)
	at lucee.runtime.engine.CFMLEngineImpl.serviceCFML(CFMLEngineImpl.java:1161)
	at lucee.loader.engine.CFMLEngineWrapper.serviceCFML(CFMLEngineWrapper.java:97)
	at lucee.loader.servlet.CFMLServlet.service(CFMLServlet.java:51)
..."
"ERROR","http-nio-8888-exec-4","02/03/2025","17:23:10","webadmin5.4.6.9","write access is protected;write access is protected
to access the configuration without a password, you need to change the write access to [open] in the Server Administrator;lucee.runtime.exp.SecurityException: write access is protected
	at lucee.runtime.config.ConfigWebUtil.checkPassword(ConfigWebUtil.java:546)
	at lucee.runtime.config.ConfigWebUtil.checkGeneralWriteAccess(ConfigWebUtil.java:531)
	at lucee.runtime.config.XMLConfigAdmin.checkWriteAccess(XMLConfigAdmin.java:187)
	at lucee.runtime.config.XMLConfigAdmin.removeComponentMapping(XMLConfigAdmin.java:900)
	at lucee.runtime.config.XMLConfigAdmin.removeArchive(XMLConfigAdmin.java:5811)
	at lucee.runtime.config.XMLConfigAdmin.removeRHExtension(XMLConfigAdmin.java:5577)
	at lucee.runtime.config.XMLConfigAdmin.updateRHExtension(XMLConfigAdmin.java:4866)
	at lucee.runtime.config.XMLConfigAdmin.updateRHExtension(XMLConfigAdmin.java:4843)
	at lucee.runtime.config.XMLConfigAdmin._updateRHExtension(XMLConfigAdmin.java:4825)
	at lucee.runtime.tag.Admin.doUpdateRHExtension(Admin.java:4333)
	at lucee.runtime.tag.Admin._doStartTag(Admin.java:780)
	at lucee.runtime.tag.Admin.doStartTag(Admin.java:364)
	at ext_applications_cfm184$cf.call(/admin/ext.applications.cfm:81)
	at lucee.runtime.PageContextImpl._doInclude(PageContextImpl.java:1057)
	at lucee.runtime.PageContextImpl._doInclude(PageContextImpl.java:949)
	at lucee.runtime.PageContextImpl.doInclude(PageContextImpl.java:930)
	at web_cfm$cf.call(/admin/web.cfm:570)
	at lucee.runtime.PageContextImpl._doInclude(PageContextImpl.java:1057)
	at lucee.runtime.PageContextImpl._doInclude(PageContextImpl.java:949)
	at lucee.runtime.PageContextImpl.doInclude(PageContextImpl.java:930)
	at server_cfm$cf.call(/admin/server.cfm:2)
	at lucee.runtime.PageContextImpl._doInclude(PageContextImpl.java:1057)
	at lucee.runtime.PageContextImpl._doInclude(PageContextImpl.java:949)
	at lucee.runtime.listener.ModernAppListener._onRequest(ModernAppListener.java:219)
	at lucee.runtime.listener.ModernAppListener.onRequest(ModernAppListener.java:107)
	at lucee.runtime.PageContextImpl.execute(PageContextImpl.java:2494)
	at lucee.runtime.PageContextImpl._execute(PageContextImpl.java:2479)
	at lucee.runtime.PageContextImpl.executeCFML(PageContextImpl.java:2450)
	at lucee.runtime.engine.Request.exe(Request.java:45)
	at lucee.runtime.engine.CFMLEngineImpl._service(CFMLEngineImpl.java:1215)
	at lucee.runtime.engine.CFMLEngineImpl.serviceCFML(CFMLEngineImpl.java:1161)
	at lucee.loader.engine.CFMLEngineWrapper.serviceCFML(CFMLEngineWrapper.java:97)
	at lucee.loader.servlet.CFMLServlet.service(CFMLServlet.java:51)
..."
